<?xml version="1.0" encoding="UTF-8"?>
<robot generator="Robot 3.2.2 (Python 3.10.5 on win32)" generated="20220818 11:29:00.531" rpa="false">
<suite id="s1" name="TestSitePractice" source="C:\workspace\personal\robotframework\WebTesting\SuiteSiteTestePracticePO_antes_de_refatorar\tests\TestSitePractice.robot">
<test id="s1-t1" name="Caso de Teste com PO 01: Remover Produtos do Carrinho">
<kw name="Abrir navegador" library="Resource" type="setup">
<kw name="Open Browser" library="SeleniumLibrary">
<doc>Opens a new browser instance to the optional ``url``.</doc>
<arguments>
<arg>about:blank</arg>
<arg>${BROWSER}</arg>
</arguments>
<msg timestamp="20220818 11:29:00.700" level="INFO">Opening browser 'chrome' to base url 'about:blank'.</msg>
<status status="PASS" starttime="20220818 11:29:00.699" endtime="20220818 11:29:01.885"></status>
</kw>
<status status="PASS" starttime="20220818 11:29:00.699" endtime="20220818 11:29:01.885"></status>
</kw>
<kw name="Acessar a página home do site" library="Resource">
<kw name="Go To" library="SeleniumLibrary">
<doc>Navigates the current browser window to the provided ``url``.</doc>
<arguments>
<arg>${URL}</arg>
</arguments>
<msg timestamp="20220818 11:29:01.886" level="INFO">Opening url 'http://automationpractice.com'</msg>
<status status="PASS" starttime="20220818 11:29:01.886" endtime="20220818 11:29:27.688"></status>
</kw>
<kw name="Wait Until Element Is Visible" library="SeleniumLibrary">
<doc>Waits until the element ``locator`` is visible.</doc>
<arguments>
<arg>xpath=//*[@id="block_top_menu"]/ul</arg>
</arguments>
<status status="PASS" starttime="20220818 11:29:27.688" endtime="20220818 11:29:27.717"></status>
</kw>
<kw name="Title Should Be" library="SeleniumLibrary">
<doc>Verifies that the current page title equals ``title``.</doc>
<arguments>
<arg>My Store</arg>
</arguments>
<msg timestamp="20220818 11:29:27.723" level="INFO">Page title is 'My Store'.</msg>
<status status="PASS" starttime="20220818 11:29:27.717" endtime="20220818 11:29:27.723"></status>
</kw>
<status status="PASS" starttime="20220818 11:29:01.885" endtime="20220818 11:29:27.723"></status>
</kw>
<kw name="Adicionar o produto &quot;t-shirt&quot; no carrinho" library="Resource">
<kw name="Digitar o nome do produto &quot;${PRODUTO}&quot; no campo de pesquisa" library="Resource">
<kw name="Input Text" library="SeleniumLibrary">
<doc>Types the given ``text`` into the text field identified by ``locator``.</doc>
<arguments>
<arg>name=search_query</arg>
<arg>${PRODUTO}</arg>
</arguments>
<msg timestamp="20220818 11:29:27.723" level="INFO">Typing text 't-shirt' into text field 'name=search_query'.</msg>
<status status="PASS" starttime="20220818 11:29:27.723" endtime="20220818 11:29:27.805"></status>
</kw>
<status status="PASS" starttime="20220818 11:29:27.723" endtime="20220818 11:29:27.805"></status>
</kw>
<kw name="Clicar no botão pesquisar" library="Resource">
<kw name="Click Element" library="SeleniumLibrary">
<doc>Click the element identified by ``locator``.</doc>
<arguments>
<arg>name=submit_search</arg>
</arguments>
<msg timestamp="20220818 11:29:27.806" level="INFO">Clicking element 'name=submit_search'.</msg>
<status status="PASS" starttime="20220818 11:29:27.806" endtime="20220818 11:29:41.109"></status>
</kw>
<status status="PASS" starttime="20220818 11:29:27.805" endtime="20220818 11:29:41.109"></status>
</kw>
<kw name="Clicar no botão &quot;Add to Cart&quot; do produto" library="Resource">
<kw name="Wait Until Element Is Visible" library="SeleniumLibrary">
<doc>Waits until the element ``locator`` is visible.</doc>
<arguments>
<arg>xpath=//*[@id="center_column"]//img[@alt="Faded Short Sleeve T-shirts"]</arg>
</arguments>
<status status="PASS" starttime="20220818 11:29:41.109" endtime="20220818 11:29:41.136"></status>
</kw>
<kw name="Click Element" library="SeleniumLibrary">
<doc>Click the element identified by ``locator``.</doc>
<arguments>
<arg>xpath=//*[@id="center_column"]//img[@alt="Faded Short Sleeve T-shirts"]</arg>
</arguments>
<msg timestamp="20220818 11:29:41.136" level="INFO">Clicking element 'xpath=//*[@id="center_column"]//img[@alt="Faded Short Sleeve T-shirts"]'.</msg>
<status status="PASS" starttime="20220818 11:29:41.136" endtime="20220818 11:29:52.371"></status>
</kw>
<kw name="Wait Until Element Is Visible" library="SeleniumLibrary">
<doc>Waits until the element ``locator`` is visible.</doc>
<arguments>
<arg>xpath=//*[@id="add_to_cart"]/button</arg>
</arguments>
<status status="PASS" starttime="20220818 11:29:52.371" endtime="20220818 11:29:52.397"></status>
</kw>
<kw name="Click Button" library="SeleniumLibrary">
<doc>Clicks the button identified by ``locator``.</doc>
<arguments>
<arg>xpath=//*[@id="add_to_cart"]/button</arg>
</arguments>
<msg timestamp="20220818 11:29:52.397" level="INFO">Clicking button 'xpath=//*[@id="add_to_cart"]/button'.</msg>
<status status="PASS" starttime="20220818 11:29:52.397" endtime="20220818 11:29:52.451"></status>
</kw>
<status status="PASS" starttime="20220818 11:29:41.109" endtime="20220818 11:29:52.451"></status>
</kw>
<kw name="Clicar no botão &quot;Proceed to checkout&quot;" library="Resource">
<kw name="Wait Until Element Is Visible" library="SeleniumLibrary">
<doc>Waits until the element ``locator`` is visible.</doc>
<arguments>
<arg>xpath=//*[@id="layer_cart"]//a[@title="Proceed to checkout"]</arg>
</arguments>
<msg timestamp="20220818 11:29:57.701" level="INFO" html="yes">&lt;/td&gt;&lt;/tr&gt;&lt;tr&gt;&lt;td colspan="3"&gt;&lt;a href="selenium-screenshot-1.png"&gt;&lt;img src="selenium-screenshot-1.png" width="800px"&gt;&lt;/a&gt;</msg>
<msg timestamp="20220818 11:29:57.703" level="FAIL">Element 'xpath=//*[@id="layer_cart"]//a[@title="Proceed to checkout"]' not visible after 5 seconds.</msg>
<status status="FAIL" starttime="20220818 11:29:52.451" endtime="20220818 11:29:57.703"></status>
</kw>
<status status="FAIL" starttime="20220818 11:29:52.451" endtime="20220818 11:29:57.703"></status>
</kw>
<status status="FAIL" starttime="20220818 11:29:27.723" endtime="20220818 11:29:57.703"></status>
</kw>
<kw name="Fechar navegador" library="Resource" type="teardown">
<kw name="Close Browser" library="SeleniumLibrary">
<doc>Closes the current browser.</doc>
<status status="PASS" starttime="20220818 11:29:57.705" endtime="20220818 11:29:59.900"></status>
</kw>
<status status="PASS" starttime="20220818 11:29:57.704" endtime="20220818 11:29:59.900"></status>
</kw>
<status status="FAIL" starttime="20220818 11:29:00.699" endtime="20220818 11:29:59.900" critical="yes">Element 'xpath=//*[@id="layer_cart"]//a[@title="Proceed to checkout"]' not visible after 5 seconds.</status>
</test>
<status status="FAIL" starttime="20220818 11:29:00.533" endtime="20220818 11:29:59.902"></status>
</suite>
<statistics>
<total>
<stat pass="0" fail="1">Critical Tests</stat>
<stat pass="0" fail="1">All Tests</stat>
</total>
<tag>
</tag>
<suite>
<stat pass="0" fail="1" id="s1" name="TestSitePractice">TestSitePractice</stat>
</suite>
</statistics>
<errors>
</errors>
</robot>
